[DEBUG] 2020-04-21 19:57:28.444 [main] VODLog4J - [C:\Users\adam_\AppData\Roaming\voltsofdoom\resources\adventure\voltsofdoom_coregame\casketofazamgarath.json]
[INFO ] 2020-04-21 19:57:28.456 [main] VODLog4J - Added .JAR file : test3.jar
[INFO ] 2020-04-21 19:57:28.464 [main] VODLog4J - Searching for @Mod Annotations in the files: 
[INFO ] 2020-04-21 19:57:28.465 [main] VODLog4J - >: file:/C:/Users/adam_/AppData/Roaming/voltsofdoom/mods/test3.jar
[WARN ] 2020-04-21 19:57:28.465 [main] VODLog4J - >>> Reflecting jars to find annotated classes!
[WARN ] 2020-04-21 19:57:30.921 [render] VODLog4J - OpenGL debugging is disabled! This may hide the creation of excessive quantities of data!
[INFO ] 2020-04-21 19:57:31.737 [main] VODLog4J - Found class : genelectrovise.voltsofdoom_coregame.main.VoltsOfDoomGame : with modid : voltsofdoom_coregame
[WARN ] 2020-04-21 19:57:31.738 [main] VODLog4J - >>> Generating mod instances! If y'all have any GenericRegistries to submit, this is the time!
[WARN ] 2020-04-21 19:57:31.749 [main] VODLog4J - >>> Found Volts Of Doom (coregame) GameRegistry successfully. Let's load some registries!
[DEBUG] 2020-04-21 19:57:31.751 [main] VODLog4J - Populating registries!
[DEBUG] 2020-04-21 19:57:31.751 [main] VODLog4J - Seperating native registries!
[DEBUG] 2020-04-21 19:57:31.752 [main] VODLog4J - GenericRegistry<ModItemTest> from Mod 'voltsofdoom_coregame' was not native
[DEBUG] 2020-04-21 19:57:31.752 [main] VODLog4J - GenericRegistry<Tile> from Mod 'voltsofdoom_coregame' was not native
[DEBUG] 2020-04-21 19:57:31.752 [main] VODLog4J - GenericRegistry<Entity> from Mod 'voltsofdoom_coregame' was not native
[DEBUG] 2020-04-21 19:57:31.752 [main] VODLog4J - Adding registryTestingTypes!
[DEBUG] 2020-04-21 19:57:31.752 [main] VODLog4J - While '[]' is populated, will register contents in right order!
[DEBUG] 2020-04-21 19:57:31.752 [main] VODLog4J - While '[GenericRegistry<ModItemTest> from Mod 'voltsofdoom_coregame', GenericRegistry<Tile> from Mod 'voltsofdoom_coregame', GenericRegistry<Entity> from Mod 'voltsofdoom_coregame']' is populated, will register contents in right order!
[DEBUG] 2020-04-21 19:57:31.752 [main] VODLog4J - List size greater than 0!
[DEBUG] 2020-04-21 19:57:31.752 [main] VODLog4J - Testing types against type of GenericRegistry<ModItemTest> from Mod 'voltsofdoom_coregame'
[DEBUG] 2020-04-21 19:57:31.752 [main] VODLog4J - GenericRegistry<ModItemTest> from Mod 'voltsofdoom_coregame' was a type genelectrovise.voltsofdoom_coresystem.main.ModItemTest
[DEBUG] 2020-04-21 19:57:31.752 [main] VODLog4J - GenericRegistry<ModItemTest> from Mod 'voltsofdoom_coregame' was not of type genelectrovise.voltsofdoom_coresystem.tile.Tile
[DEBUG] 2020-04-21 19:57:31.753 [main] VODLog4J - GenericRegistry<ModItemTest> from Mod 'voltsofdoom_coregame' was not of type genelectrovise.voltsofdoom_coresystem.entity.Entity
[DEBUG] 2020-04-21 19:57:31.753 [main] VODLog4J - Testing types against type of GenericRegistry<Tile> from Mod 'voltsofdoom_coregame'
[DEBUG] 2020-04-21 19:57:31.753 [main] VODLog4J - GenericRegistry<Tile> from Mod 'voltsofdoom_coregame' was not of type genelectrovise.voltsofdoom_coresystem.main.ModItemTest
[DEBUG] 2020-04-21 19:57:31.753 [main] VODLog4J - GenericRegistry<Tile> from Mod 'voltsofdoom_coregame' was a type genelectrovise.voltsofdoom_coresystem.tile.Tile
[DEBUG] 2020-04-21 19:57:31.753 [main] VODLog4J - GenericRegistry<Tile> from Mod 'voltsofdoom_coregame' was not of type genelectrovise.voltsofdoom_coresystem.entity.Entity
[DEBUG] 2020-04-21 19:57:31.753 [main] VODLog4J - Testing types against type of GenericRegistry<Entity> from Mod 'voltsofdoom_coregame'
[DEBUG] 2020-04-21 19:57:31.753 [main] VODLog4J - GenericRegistry<Entity> from Mod 'voltsofdoom_coregame' was not of type genelectrovise.voltsofdoom_coresystem.main.ModItemTest
[DEBUG] 2020-04-21 19:57:31.753 [main] VODLog4J - GenericRegistry<Entity> from Mod 'voltsofdoom_coregame' was not of type genelectrovise.voltsofdoom_coresystem.tile.Tile
[DEBUG] 2020-04-21 19:57:31.753 [main] VODLog4J - GenericRegistry<Entity> from Mod 'voltsofdoom_coregame' was a type genelectrovise.voltsofdoom_coresystem.entity.Entity
[DEBUG] 2020-04-21 19:57:31.753 [main] VODLog4J - Cleaning toAddAndDelete list
[DEBUG] 2020-04-21 19:57:31.754 [main] VODLog4J - Adding item with registryName : test_obj
[DEBUG] 2020-04-21 19:57:31.754 [main] VODLog4J - Adding item with registryName : door
[DEBUG] 2020-04-21 19:57:31.754 [main] VODLog4J - Adding item with registryName : tilecobble
[DEBUG] 2020-04-21 19:57:31.754 [main] VODLog4J - Adding item with registryName : tilewoodlog
[DEBUG] 2020-04-21 19:57:31.754 [main] VODLog4J - Adding item with registryName : entityblob
[DEBUG] 2020-04-21 19:57:31.819 [main] VODLog4J - Starting search in : C:\Users\adam_\AppData\Roaming\voltsofdoom\resources\levelmap\voltsofdoom_coregame\casketofazamgarath
[DEBUG] 2020-04-21 19:57:31.826 [main] VODLog4J - Found levels : [C:\Users\adam_\AppData\Roaming\voltsofdoom\resources\levelmap\voltsofdoom_coregame\casketofazamgarath\coa_level_1.json, C:\Users\adam_\AppData\Roaming\voltsofdoom\resources\levelmap\voltsofdoom_coregame\casketofazamgarath\coa_lobby.json, C:\Users\adam_\AppData\Roaming\voltsofdoom\resources\levelmap\voltsofdoom_coregame\casketofazamgarath\cobbleandwoodlog.json]
[DEBUG] 2020-04-21 19:57:31.846 [main] VODLog4J - URL : /Users/adam_/OneDrive/Desktop/Java/VoltsOfDoom/voltsofdoom-coresystem/src/main/resources/image/tile/cobble.png
[DEBUG] 2020-04-21 19:57:32.174 [main] VODLog4J - URL : /Users/adam_/OneDrive/Desktop/Java/VoltsOfDoom/voltsofdoom-coresystem/src/main/resources/image/tile/woodlog.png
[INFO ] 2020-04-21 19:57:32.295 [main] VODLog4J - Done!
[INFO ] 2020-04-21 19:57:32.443 [main] VODLog4J - Done!
[INFO ] 2020-04-21 19:57:32.523 [main] VODLog4J - Done!
[DEBUG] 2020-04-21 19:57:34.184 [main] VODLog4J - Level : [Name {coa_level_1}, Grid Dimensions {width=10, height=2}]
[DEBUG] 2020-04-21 19:57:34.184 [main] VODLog4J - LevelMap : [Tile keys [{1=tilecobble}{2=tilewoodlog}{3=door}], Entity keys [{1=entityblob}]]
[DEBUG] 2020-04-21 19:57:34.184 [main] VODLog4J - Level : [Name {coa_lobby}, Grid Dimensions {width=10, height=2}]
[DEBUG] 2020-04-21 19:57:34.184 [main] VODLog4J - LevelMap : [Tile keys [{1=tilecobble}{2=tilewoodlog}{3=door}], Entity keys [{1=entityblob}]]
[DEBUG] 2020-04-21 19:57:34.184 [main] VODLog4J - Level : [Name {cobbleandwoodlog}, Grid Dimensions {width=30, height=20}]
[DEBUG] 2020-04-21 19:57:34.184 [main] VODLog4J - LevelMap : [Tile keys [{1=tilecobble}{2=tilewoodlog}{3=door}], Entity keys [{1=entityblob}]]
